<?xml version="1.0" encoding="UTF-8"?>
<!-- Generated by org.testng.reporters.JUnitReportReporter -->
<testsuite hostname="APSTXLAP08" failures="0" tests="228" name="ESR.MultipleSitesLogin228" time="917.871" errors="2" timestamp="2021-03-23T16:52:01 CDT" skipped="0">
  <testcase classname="ESR.MultipleSitesLogin228" name="multipleSites" time="3.564"/>
  <system-out/>
  <testcase classname="ESR.MultipleSitesLogin228" name="multipleSites" time="3.907"/>
  <system-out/>
  <testcase classname="ESR.MultipleSitesLogin228" name="multipleSites" time="5.445"/>
  <system-out/>
  <testcase classname="ESR.MultipleSitesLogin228" name="multipleSites" time="4.984"/>
  <system-out/>
  <testcase classname="ESR.MultipleSitesLogin228" name="multipleSites" time="3.665"/>
  <system-out/>
  <testcase classname="ESR.MultipleSitesLogin228" name="multipleSites" time="3.809"/>
  <system-out/>
  <testcase classname="ESR.MultipleSitesLogin228" name="multipleSites" time="3.260"/>
  <system-out/>
  <testcase classname="ESR.MultipleSitesLogin228" name="multipleSites" time="3.070"/>
  <system-out/>
  <testcase classname="ESR.MultipleSitesLogin228" name="multipleSites" time="3.235"/>
  <system-out/>
  <testcase classname="ESR.MultipleSitesLogin228" name="multipleSites" time="3.534"/>
  <system-out/>
  <testcase classname="ESR.MultipleSitesLogin228" name="multipleSites" time="4.398"/>
  <system-out/>
  <testcase classname="ESR.MultipleSitesLogin228" name="multipleSites" time="2.792"/>
  <system-out/>
  <testcase classname="ESR.MultipleSitesLogin228" name="multipleSites" time="22.043"/>
  <system-out/>
  <testcase classname="ESR.MultipleSitesLogin228" name="multipleSites" time="3.809"/>
  <system-out/>
  <testcase classname="ESR.MultipleSitesLogin228" name="multipleSites" time="3.422"/>
  <system-out/>
  <testcase classname="ESR.MultipleSitesLogin228" name="multipleSites" time="3.800"/>
  <system-out/>
  <testcase classname="ESR.MultipleSitesLogin228" name="multipleSites" time="4.090"/>
  <system-out/>
  <testcase classname="ESR.MultipleSitesLogin228" name="multipleSites" time="3.789"/>
  <system-out/>
  <testcase classname="ESR.MultipleSitesLogin228" name="multipleSites" time="3.903"/>
  <system-out/>
  <testcase classname="ESR.MultipleSitesLogin228" name="multipleSites" time="3.174"/>
  <system-out/>
  <testcase classname="ESR.MultipleSitesLogin228" name="multipleSites" time="0.212">
    <error message="unknown error: net::ERR_NAME_NOT_RESOLVED
  (Session info: chrome=89.0.4389.90)
Build info: version: &#039;3.141.59&#039;, revision: &#039;e82be7d358&#039;, time: &#039;2018-11-14T08:17:03&#039;
System info: host: &#039;APSTXLAP08&#039;, ip: &#039;192.168.0.5&#039;, os.name: &#039;Windows 10&#039;, os.arch: &#039;amd64&#039;, os.version: &#039;10.0&#039;, java.version: &#039;15.0.1&#039;
Driver info: org.openqa.selenium.chrome.ChromeDriver
Capabilities {acceptInsecureCerts: false, browserName: chrome, browserVersion: 89.0.4389.90, chrome: {chromedriverVersion: 89.0.4389.23 (61b08ee2c5002..., userDataDir: C:\Users\LKOVAL~1\AppData\L...}, goog:chromeOptions: {debuggerAddress: localhost:57387}, javascriptEnabled: true, networkConnectionEnabled: false, pageLoadStrategy: normal, platform: WINDOWS, platformName: WINDOWS, proxy: Proxy(), setWindowRect: true, strictFileInteractability: false, timeouts: {implicit: 0, pageLoad: 300000, script: 30000}, unhandledPromptBehavior: dismiss and notify, webauthn:extension:largeBlob: true, webauthn:virtualAuthenticators: true}
Session ID: 94774235a4acb9dd6bc2ea71b478fa8a" type="org.openqa.selenium.WebDriverException">
      <![CDATA[org.openqa.selenium.WebDriverException: unknown error: net::ERR_NAME_NOT_RESOLVED
  (Session info: chrome=89.0.4389.90)
Build info: version: '3.141.59', revision: 'e82be7d358', time: '2018-11-14T08:17:03'
System info: host: 'APSTXLAP08', ip: '192.168.0.5', os.name: 'Windows 10', os.arch: 'amd64', os.version: '10.0', java.version: '15.0.1'
Driver info: org.openqa.selenium.chrome.ChromeDriver
Capabilities {acceptInsecureCerts: false, browserName: chrome, browserVersion: 89.0.4389.90, chrome: {chromedriverVersion: 89.0.4389.23 (61b08ee2c5002..., userDataDir: C:\Users\LKOVAL~1\AppData\L...}, goog:chromeOptions: {debuggerAddress: localhost:57387}, javascriptEnabled: true, networkConnectionEnabled: false, pageLoadStrategy: normal, platform: WINDOWS, platformName: WINDOWS, proxy: Proxy(), setWindowRect: true, strictFileInteractability: false, timeouts: {implicit: 0, pageLoad: 300000, script: 30000}, unhandledPromptBehavior: dismiss and notify, webauthn:extension:largeBlob: true, webauthn:virtualAuthenticators: true}
Session ID: 94774235a4acb9dd6bc2ea71b478fa8a
at java.base/jdk.internal.reflect.NativeConstructorAccessorImpl.newInstance0(Native Method)
at java.base/jdk.internal.reflect.NativeConstructorAccessorImpl.newInstance(NativeConstructorAccessorImpl.java:64)
at java.base/jdk.internal.reflect.DelegatingConstructorAccessorImpl.newInstance(DelegatingConstructorAccessorImpl.java:45)
at java.base/java.lang.reflect.Constructor.newInstanceWithCaller(Constructor.java:500)
at java.base/java.lang.reflect.Constructor.newInstance(Constructor.java:481)
at org.openqa.selenium.remote.http.W3CHttpResponseCodec.createException(W3CHttpResponseCodec.java:187)
at org.openqa.selenium.remote.http.W3CHttpResponseCodec.decode(W3CHttpResponseCodec.java:122)
at org.openqa.selenium.remote.http.W3CHttpResponseCodec.decode(W3CHttpResponseCodec.java:49)
at org.openqa.selenium.remote.HttpCommandExecutor.execute(HttpCommandExecutor.java:158)
at org.openqa.selenium.remote.service.DriverCommandExecutor.execute(DriverCommandExecutor.java:83)
at org.openqa.selenium.remote.RemoteWebDriver.execute(RemoteWebDriver.java:552)
at org.openqa.selenium.remote.RemoteWebDriver.get(RemoteWebDriver.java:277)
at ESR.MultipleSitesLogin228.multipleSites(MultipleSitesLogin228.java:28)
at jdk.internal.reflect.GeneratedMethodAccessor1.invoke(Unknown Source)
at java.base/jdk.internal.reflect.DelegatingMethodAccessorImpl.invoke(DelegatingMethodAccessorImpl.java:43)
at java.base/java.lang.reflect.Method.invoke(Method.java:564)
at org.testng.internal.MethodInvocationHelper.invokeMethod(MethodInvocationHelper.java:132)
at org.testng.internal.TestInvoker.invokeMethod(TestInvoker.java:599)
at org.testng.internal.TestInvoker.invokeTestMethod(TestInvoker.java:174)
at org.testng.internal.MethodRunner.runInSequence(MethodRunner.java:46)
at org.testng.internal.TestInvoker$MethodInvocationAgent.invoke(TestInvoker.java:822)
at org.testng.internal.TestInvoker.invokeTestMethods(TestInvoker.java:147)
at org.testng.internal.TestMethodWorker.invokeTestMethods(TestMethodWorker.java:146)
at org.testng.internal.TestMethodWorker.run(TestMethodWorker.java:128)
at java.base/java.util.ArrayList.forEach(ArrayList.java:1511)
at org.testng.TestRunner.privateRun(TestRunner.java:764)
at org.testng.TestRunner.run(TestRunner.java:585)
at org.testng.SuiteRunner.runTest(SuiteRunner.java:384)
at org.testng.SuiteRunner.runSequentially(SuiteRunner.java:378)
at org.testng.SuiteRunner.privateRun(SuiteRunner.java:337)
at org.testng.SuiteRunner.run(SuiteRunner.java:286)
at org.testng.SuiteRunnerWorker.runSuite(SuiteRunnerWorker.java:53)
at org.testng.SuiteRunnerWorker.run(SuiteRunnerWorker.java:96)
at org.testng.TestNG.runSuitesSequentially(TestNG.java:1218)
at org.testng.TestNG.runSuitesLocally(TestNG.java:1140)
at org.testng.TestNG.runSuites(TestNG.java:1069)
at org.testng.TestNG.run(TestNG.java:1037)
at org.testng.remote.AbstractRemoteTestNG.run(AbstractRemoteTestNG.java:115)
at org.testng.remote.RemoteTestNG.initAndRun(RemoteTestNG.java:251)
at org.testng.remote.RemoteTestNG.main(RemoteTestNG.java:77)
]]>
    </error>
  </testcase> <!-- multipleSites -->
  <system-out/>
  <testcase classname="ESR.MultipleSitesLogin228" name="multipleSites" time="2.816"/>
  <system-out/>
  <testcase classname="ESR.MultipleSitesLogin228" name="multipleSites" time="2.898"/>
  <system-out/>
  <testcase classname="ESR.MultipleSitesLogin228" name="multipleSites" time="3.071"/>
  <system-out/>
  <testcase classname="ESR.MultipleSitesLogin228" name="multipleSites" time="4.486"/>
  <system-out/>
  <testcase classname="ESR.MultipleSitesLogin228" name="multipleSites" time="5.051"/>
  <system-out/>
  <testcase classname="ESR.MultipleSitesLogin228" name="multipleSites" time="2.908"/>
  <system-out/>
  <testcase classname="ESR.MultipleSitesLogin228" name="multipleSites" time="3.771"/>
  <system-out/>
  <testcase classname="ESR.MultipleSitesLogin228" name="multipleSites" time="3.439"/>
  <system-out/>
  <testcase classname="ESR.MultipleSitesLogin228" name="multipleSites" time="7.921"/>
  <system-out/>
  <testcase classname="ESR.MultipleSitesLogin228" name="multipleSites" time="3.696"/>
  <system-out/>
  <testcase classname="ESR.MultipleSitesLogin228" name="multipleSites" time="3.242"/>
  <system-out/>
  <testcase classname="ESR.MultipleSitesLogin228" name="multipleSites" time="5.210"/>
  <system-out/>
  <testcase classname="ESR.MultipleSitesLogin228" name="multipleSites" time="4.772"/>
  <system-out/>
  <testcase classname="ESR.MultipleSitesLogin228" name="multipleSites" time="3.012"/>
  <system-out/>
  <testcase classname="ESR.MultipleSitesLogin228" name="multipleSites" time="3.347"/>
  <system-out/>
  <testcase classname="ESR.MultipleSitesLogin228" name="multipleSites" time="2.921"/>
  <system-out/>
  <testcase classname="ESR.MultipleSitesLogin228" name="multipleSites" time="3.493"/>
  <system-out/>
  <testcase classname="ESR.MultipleSitesLogin228" name="multipleSites" time="3.035"/>
  <system-out/>
  <testcase classname="ESR.MultipleSitesLogin228" name="multipleSites" time="3.262"/>
  <system-out/>
  <testcase classname="ESR.MultipleSitesLogin228" name="multipleSites" time="3.991"/>
  <system-out/>
  <testcase classname="ESR.MultipleSitesLogin228" name="multipleSites" time="3.514"/>
  <system-out/>
  <testcase classname="ESR.MultipleSitesLogin228" name="multipleSites" time="4.580"/>
  <system-out/>
  <testcase classname="ESR.MultipleSitesLogin228" name="multipleSites" time="3.599"/>
  <system-out/>
  <testcase classname="ESR.MultipleSitesLogin228" name="multipleSites" time="2.969"/>
  <system-out/>
  <testcase classname="ESR.MultipleSitesLogin228" name="multipleSites" time="7.230"/>
  <system-out/>
  <testcase classname="ESR.MultipleSitesLogin228" name="multipleSites" time="2.796"/>
  <system-out/>
  <testcase classname="ESR.MultipleSitesLogin228" name="multipleSites" time="3.122"/>
  <system-out/>
  <testcase classname="ESR.MultipleSitesLogin228" name="multipleSites" time="3.363"/>
  <system-out/>
  <testcase classname="ESR.MultipleSitesLogin228" name="multipleSites" time="4.028"/>
  <system-out/>
  <testcase classname="ESR.MultipleSitesLogin228" name="multipleSites" time="2.949"/>
  <system-out/>
  <testcase classname="ESR.MultipleSitesLogin228" name="multipleSites" time="3.641"/>
  <system-out/>
  <testcase classname="ESR.MultipleSitesLogin228" name="multipleSites" time="3.331"/>
  <system-out/>
  <testcase classname="ESR.MultipleSitesLogin228" name="multipleSites" time="3.460"/>
  <system-out/>
  <testcase classname="ESR.MultipleSitesLogin228" name="multipleSites" time="5.762"/>
  <system-out/>
  <testcase classname="ESR.MultipleSitesLogin228" name="multipleSites" time="3.377"/>
  <system-out/>
  <testcase classname="ESR.MultipleSitesLogin228" name="multipleSites" time="3.617"/>
  <system-out/>
  <testcase classname="ESR.MultipleSitesLogin228" name="multipleSites" time="3.684"/>
  <system-out/>
  <testcase classname="ESR.MultipleSitesLogin228" name="multipleSites" time="2.841"/>
  <system-out/>
  <testcase classname="ESR.MultipleSitesLogin228" name="multipleSites" time="2.791"/>
  <system-out/>
  <testcase classname="ESR.MultipleSitesLogin228" name="multipleSites" time="3.655"/>
  <system-out/>
  <testcase classname="ESR.MultipleSitesLogin228" name="multipleSites" time="4.955"/>
  <system-out/>
  <testcase classname="ESR.MultipleSitesLogin228" name="multipleSites" time="3.698"/>
  <system-out/>
  <testcase classname="ESR.MultipleSitesLogin228" name="multipleSites" time="2.970"/>
  <system-out/>
  <testcase classname="ESR.MultipleSitesLogin228" name="multipleSites" time="4.313"/>
  <system-out/>
  <testcase classname="ESR.MultipleSitesLogin228" name="multipleSites" time="3.647"/>
  <system-out/>
  <testcase classname="ESR.MultipleSitesLogin228" name="multipleSites" time="3.984"/>
  <system-out/>
  <testcase classname="ESR.MultipleSitesLogin228" name="multipleSites" time="3.214"/>
  <system-out/>
  <testcase classname="ESR.MultipleSitesLogin228" name="multipleSites" time="6.103"/>
  <system-out/>
  <testcase classname="ESR.MultipleSitesLogin228" name="multipleSites" time="4.471"/>
  <system-out/>
  <testcase classname="ESR.MultipleSitesLogin228" name="multipleSites" time="3.338"/>
  <system-out/>
  <testcase classname="ESR.MultipleSitesLogin228" name="multipleSites" time="6.724"/>
  <system-out/>
  <testcase classname="ESR.MultipleSitesLogin228" name="multipleSites" time="4.831"/>
  <system-out/>
  <testcase classname="ESR.MultipleSitesLogin228" name="multipleSites" time="2.874"/>
  <system-out/>
  <testcase classname="ESR.MultipleSitesLogin228" name="multipleSites" time="9.613"/>
  <system-out/>
  <testcase classname="ESR.MultipleSitesLogin228" name="multipleSites" time="2.802"/>
  <system-out/>
  <testcase classname="ESR.MultipleSitesLogin228" name="multipleSites" time="3.223"/>
  <system-out/>
  <testcase classname="ESR.MultipleSitesLogin228" name="multipleSites" time="3.837"/>
  <system-out/>
  <testcase classname="ESR.MultipleSitesLogin228" name="multipleSites" time="2.856"/>
  <system-out/>
  <testcase classname="ESR.MultipleSitesLogin228" name="multipleSites" time="6.199"/>
  <system-out/>
  <testcase classname="ESR.MultipleSitesLogin228" name="multipleSites" time="4.052"/>
  <system-out/>
  <testcase classname="ESR.MultipleSitesLogin228" name="multipleSites" time="3.210"/>
  <system-out/>
  <testcase classname="ESR.MultipleSitesLogin228" name="multipleSites" time="2.827"/>
  <system-out/>
  <testcase classname="ESR.MultipleSitesLogin228" name="multipleSites" time="3.897"/>
  <system-out/>
  <testcase classname="ESR.MultipleSitesLogin228" name="multipleSites" time="5.086"/>
  <system-out/>
  <testcase classname="ESR.MultipleSitesLogin228" name="multipleSites" time="3.086"/>
  <system-out/>
  <testcase classname="ESR.MultipleSitesLogin228" name="multipleSites" time="3.974"/>
  <system-out/>
  <testcase classname="ESR.MultipleSitesLogin228" name="multipleSites" time="5.053"/>
  <system-out/>
  <testcase classname="ESR.MultipleSitesLogin228" name="multipleSites" time="3.925"/>
  <system-out/>
  <testcase classname="ESR.MultipleSitesLogin228" name="multipleSites" time="4.145"/>
  <system-out/>
  <testcase classname="ESR.MultipleSitesLogin228" name="multipleSites" time="4.558"/>
  <system-out/>
  <testcase classname="ESR.MultipleSitesLogin228" name="multipleSites" time="4.389"/>
  <system-out/>
  <testcase classname="ESR.MultipleSitesLogin228" name="multipleSites" time="2.918"/>
  <system-out/>
  <testcase classname="ESR.MultipleSitesLogin228" name="multipleSites" time="3.349"/>
  <system-out/>
  <testcase classname="ESR.MultipleSitesLogin228" name="multipleSites" time="2.864"/>
  <system-out/>
  <testcase classname="ESR.MultipleSitesLogin228" name="multipleSites" time="4.153"/>
  <system-out/>
  <testcase classname="ESR.MultipleSitesLogin228" name="multipleSites" time="3.524"/>
  <system-out/>
  <testcase classname="ESR.MultipleSitesLogin228" name="multipleSites" time="4.579"/>
  <system-out/>
  <testcase classname="ESR.MultipleSitesLogin228" name="multipleSites" time="0.549">
    <error message="unknown error: net::ERR_NAME_NOT_RESOLVED
  (Session info: chrome=89.0.4389.90)
Build info: version: &#039;3.141.59&#039;, revision: &#039;e82be7d358&#039;, time: &#039;2018-11-14T08:17:03&#039;
System info: host: &#039;APSTXLAP08&#039;, ip: &#039;192.168.0.5&#039;, os.name: &#039;Windows 10&#039;, os.arch: &#039;amd64&#039;, os.version: &#039;10.0&#039;, java.version: &#039;15.0.1&#039;
Driver info: org.openqa.selenium.chrome.ChromeDriver
Capabilities {acceptInsecureCerts: false, browserName: chrome, browserVersion: 89.0.4389.90, chrome: {chromedriverVersion: 89.0.4389.23 (61b08ee2c5002..., userDataDir: C:\Users\LKOVAL~1\AppData\L...}, goog:chromeOptions: {debuggerAddress: localhost:57387}, javascriptEnabled: true, networkConnectionEnabled: false, pageLoadStrategy: normal, platform: WINDOWS, platformName: WINDOWS, proxy: Proxy(), setWindowRect: true, strictFileInteractability: false, timeouts: {implicit: 0, pageLoad: 300000, script: 30000}, unhandledPromptBehavior: dismiss and notify, webauthn:extension:largeBlob: true, webauthn:virtualAuthenticators: true}
Session ID: 94774235a4acb9dd6bc2ea71b478fa8a" type="org.openqa.selenium.WebDriverException">
      <![CDATA[org.openqa.selenium.WebDriverException: unknown error: net::ERR_NAME_NOT_RESOLVED
  (Session info: chrome=89.0.4389.90)
Build info: version: '3.141.59', revision: 'e82be7d358', time: '2018-11-14T08:17:03'
System info: host: 'APSTXLAP08', ip: '192.168.0.5', os.name: 'Windows 10', os.arch: 'amd64', os.version: '10.0', java.version: '15.0.1'
Driver info: org.openqa.selenium.chrome.ChromeDriver
Capabilities {acceptInsecureCerts: false, browserName: chrome, browserVersion: 89.0.4389.90, chrome: {chromedriverVersion: 89.0.4389.23 (61b08ee2c5002..., userDataDir: C:\Users\LKOVAL~1\AppData\L...}, goog:chromeOptions: {debuggerAddress: localhost:57387}, javascriptEnabled: true, networkConnectionEnabled: false, pageLoadStrategy: normal, platform: WINDOWS, platformName: WINDOWS, proxy: Proxy(), setWindowRect: true, strictFileInteractability: false, timeouts: {implicit: 0, pageLoad: 300000, script: 30000}, unhandledPromptBehavior: dismiss and notify, webauthn:extension:largeBlob: true, webauthn:virtualAuthenticators: true}
Session ID: 94774235a4acb9dd6bc2ea71b478fa8a
at java.base/jdk.internal.reflect.NativeConstructorAccessorImpl.newInstance0(Native Method)
at java.base/jdk.internal.reflect.NativeConstructorAccessorImpl.newInstance(NativeConstructorAccessorImpl.java:64)
at java.base/jdk.internal.reflect.DelegatingConstructorAccessorImpl.newInstance(DelegatingConstructorAccessorImpl.java:45)
at java.base/java.lang.reflect.Constructor.newInstanceWithCaller(Constructor.java:500)
at java.base/java.lang.reflect.Constructor.newInstance(Constructor.java:481)
at org.openqa.selenium.remote.http.W3CHttpResponseCodec.createException(W3CHttpResponseCodec.java:187)
at org.openqa.selenium.remote.http.W3CHttpResponseCodec.decode(W3CHttpResponseCodec.java:122)
at org.openqa.selenium.remote.http.W3CHttpResponseCodec.decode(W3CHttpResponseCodec.java:49)
at org.openqa.selenium.remote.HttpCommandExecutor.execute(HttpCommandExecutor.java:158)
at org.openqa.selenium.remote.service.DriverCommandExecutor.execute(DriverCommandExecutor.java:83)
at org.openqa.selenium.remote.RemoteWebDriver.execute(RemoteWebDriver.java:552)
at org.openqa.selenium.remote.RemoteWebDriver.get(RemoteWebDriver.java:277)
at ESR.MultipleSitesLogin228.multipleSites(MultipleSitesLogin228.java:28)
at jdk.internal.reflect.GeneratedMethodAccessor1.invoke(Unknown Source)
at java.base/jdk.internal.reflect.DelegatingMethodAccessorImpl.invoke(DelegatingMethodAccessorImpl.java:43)
at java.base/java.lang.reflect.Method.invoke(Method.java:564)
at org.testng.internal.MethodInvocationHelper.invokeMethod(MethodInvocationHelper.java:132)
at org.testng.internal.TestInvoker.invokeMethod(TestInvoker.java:599)
at org.testng.internal.TestInvoker.invokeTestMethod(TestInvoker.java:174)
at org.testng.internal.MethodRunner.runInSequence(MethodRunner.java:46)
at org.testng.internal.TestInvoker$MethodInvocationAgent.invoke(TestInvoker.java:822)
at org.testng.internal.TestInvoker.invokeTestMethods(TestInvoker.java:147)
at org.testng.internal.TestMethodWorker.invokeTestMethods(TestMethodWorker.java:146)
at org.testng.internal.TestMethodWorker.run(TestMethodWorker.java:128)
at java.base/java.util.ArrayList.forEach(ArrayList.java:1511)
at org.testng.TestRunner.privateRun(TestRunner.java:764)
at org.testng.TestRunner.run(TestRunner.java:585)
at org.testng.SuiteRunner.runTest(SuiteRunner.java:384)
at org.testng.SuiteRunner.runSequentially(SuiteRunner.java:378)
at org.testng.SuiteRunner.privateRun(SuiteRunner.java:337)
at org.testng.SuiteRunner.run(SuiteRunner.java:286)
at org.testng.SuiteRunnerWorker.runSuite(SuiteRunnerWorker.java:53)
at org.testng.SuiteRunnerWorker.run(SuiteRunnerWorker.java:96)
at org.testng.TestNG.runSuitesSequentially(TestNG.java:1218)
at org.testng.TestNG.runSuitesLocally(TestNG.java:1140)
at org.testng.TestNG.runSuites(TestNG.java:1069)
at org.testng.TestNG.run(TestNG.java:1037)
at org.testng.remote.AbstractRemoteTestNG.run(AbstractRemoteTestNG.java:115)
at org.testng.remote.RemoteTestNG.initAndRun(RemoteTestNG.java:251)
at org.testng.remote.RemoteTestNG.main(RemoteTestNG.java:77)
]]>
    </error>
  </testcase> <!-- multipleSites -->
  <system-out/>
  <testcase classname="ESR.MultipleSitesLogin228" name="multipleSites" time="3.618"/>
  <system-out/>
  <testcase classname="ESR.MultipleSitesLogin228" name="multipleSites" time="5.237"/>
  <system-out/>
  <testcase classname="ESR.MultipleSitesLogin228" name="multipleSites" time="3.256"/>
  <system-out/>
  <testcase classname="ESR.MultipleSitesLogin228" name="multipleSites" time="2.833"/>
  <system-out/>
  <testcase classname="ESR.MultipleSitesLogin228" name="multipleSites" time="4.076"/>
  <system-out/>
  <testcase classname="ESR.MultipleSitesLogin228" name="multipleSites" time="5.148"/>
  <system-out/>
  <testcase classname="ESR.MultipleSitesLogin228" name="multipleSites" time="4.627"/>
  <system-out/>
  <testcase classname="ESR.MultipleSitesLogin228" name="multipleSites" time="6.270"/>
  <system-out/>
  <testcase classname="ESR.MultipleSitesLogin228" name="multipleSites" time="2.837"/>
  <system-out/>
  <testcase classname="ESR.MultipleSitesLogin228" name="multipleSites" time="4.525"/>
  <system-out/>
  <testcase classname="ESR.MultipleSitesLogin228" name="multipleSites" time="3.151"/>
  <system-out/>
  <testcase classname="ESR.MultipleSitesLogin228" name="multipleSites" time="4.158"/>
  <system-out/>
  <testcase classname="ESR.MultipleSitesLogin228" name="multipleSites" time="4.318"/>
  <system-out/>
  <testcase classname="ESR.MultipleSitesLogin228" name="multipleSites" time="2.982"/>
  <system-out/>
  <testcase classname="ESR.MultipleSitesLogin228" name="multipleSites" time="3.514"/>
  <system-out/>
  <testcase classname="ESR.MultipleSitesLogin228" name="multipleSites" time="2.753"/>
  <system-out/>
  <testcase classname="ESR.MultipleSitesLogin228" name="multipleSites" time="4.211"/>
  <system-out/>
  <testcase classname="ESR.MultipleSitesLogin228" name="multipleSites" time="3.980"/>
  <system-out/>
  <testcase classname="ESR.MultipleSitesLogin228" name="multipleSites" time="3.461"/>
  <system-out/>
  <testcase classname="ESR.MultipleSitesLogin228" name="multipleSites" time="6.415"/>
  <system-out/>
  <testcase classname="ESR.MultipleSitesLogin228" name="multipleSites" time="2.860"/>
  <system-out/>
  <testcase classname="ESR.MultipleSitesLogin228" name="multipleSites" time="4.026"/>
  <system-out/>
  <testcase classname="ESR.MultipleSitesLogin228" name="multipleSites" time="3.899"/>
  <system-out/>
  <testcase classname="ESR.MultipleSitesLogin228" name="multipleSites" time="6.163"/>
  <system-out/>
  <testcase classname="ESR.MultipleSitesLogin228" name="multipleSites" time="3.286"/>
  <system-out/>
  <testcase classname="ESR.MultipleSitesLogin228" name="multipleSites" time="4.375"/>
  <system-out/>
  <testcase classname="ESR.MultipleSitesLogin228" name="multipleSites" time="5.530"/>
  <system-out/>
  <testcase classname="ESR.MultipleSitesLogin228" name="multipleSites" time="3.209"/>
  <system-out/>
  <testcase classname="ESR.MultipleSitesLogin228" name="multipleSites" time="5.214"/>
  <system-out/>
  <testcase classname="ESR.MultipleSitesLogin228" name="multipleSites" time="2.924"/>
  <system-out/>
  <testcase classname="ESR.MultipleSitesLogin228" name="multipleSites" time="3.205"/>
  <system-out/>
  <testcase classname="ESR.MultipleSitesLogin228" name="multipleSites" time="4.487"/>
  <system-out/>
  <testcase classname="ESR.MultipleSitesLogin228" name="multipleSites" time="3.277"/>
  <system-out/>
  <testcase classname="ESR.MultipleSitesLogin228" name="multipleSites" time="3.049"/>
  <system-out/>
  <testcase classname="ESR.MultipleSitesLogin228" name="multipleSites" time="3.324"/>
  <system-out/>
  <testcase classname="ESR.MultipleSitesLogin228" name="multipleSites" time="3.143"/>
  <system-out/>
  <testcase classname="ESR.MultipleSitesLogin228" name="multipleSites" time="4.106"/>
  <system-out/>
  <testcase classname="ESR.MultipleSitesLogin228" name="multipleSites" time="3.715"/>
  <system-out/>
  <testcase classname="ESR.MultipleSitesLogin228" name="multipleSites" time="3.877"/>
  <system-out/>
  <testcase classname="ESR.MultipleSitesLogin228" name="multipleSites" time="5.139"/>
  <system-out/>
  <testcase classname="ESR.MultipleSitesLogin228" name="multipleSites" time="5.060"/>
  <system-out/>
  <testcase classname="ESR.MultipleSitesLogin228" name="multipleSites" time="4.142"/>
  <system-out/>
  <testcase classname="ESR.MultipleSitesLogin228" name="multipleSites" time="3.576"/>
  <system-out/>
  <testcase classname="ESR.MultipleSitesLogin228" name="multipleSites" time="4.367"/>
  <system-out/>
  <testcase classname="ESR.MultipleSitesLogin228" name="multipleSites" time="3.358"/>
  <system-out/>
  <testcase classname="ESR.MultipleSitesLogin228" name="multipleSites" time="2.927"/>
  <system-out/>
  <testcase classname="ESR.MultipleSitesLogin228" name="multipleSites" time="5.254"/>
  <system-out/>
  <testcase classname="ESR.MultipleSitesLogin228" name="multipleSites" time="3.511"/>
  <system-out/>
  <testcase classname="ESR.MultipleSitesLogin228" name="multipleSites" time="5.465"/>
  <system-out/>
  <testcase classname="ESR.MultipleSitesLogin228" name="multipleSites" time="6.877"/>
  <system-out/>
  <testcase classname="ESR.MultipleSitesLogin228" name="multipleSites" time="2.952"/>
  <system-out/>
  <testcase classname="ESR.MultipleSitesLogin228" name="multipleSites" time="2.848"/>
  <system-out/>
  <testcase classname="ESR.MultipleSitesLogin228" name="multipleSites" time="3.848"/>
  <system-out/>
  <testcase classname="ESR.MultipleSitesLogin228" name="multipleSites" time="3.385"/>
  <system-out/>
  <testcase classname="ESR.MultipleSitesLogin228" name="multipleSites" time="2.995"/>
  <system-out/>
  <testcase classname="ESR.MultipleSitesLogin228" name="multipleSites" time="5.739"/>
  <system-out/>
  <testcase classname="ESR.MultipleSitesLogin228" name="multipleSites" time="4.534"/>
  <system-out/>
  <testcase classname="ESR.MultipleSitesLogin228" name="multipleSites" time="3.393"/>
  <system-out/>
  <testcase classname="ESR.MultipleSitesLogin228" name="multipleSites" time="2.878"/>
  <system-out/>
  <testcase classname="ESR.MultipleSitesLogin228" name="multipleSites" time="3.595"/>
  <system-out/>
  <testcase classname="ESR.MultipleSitesLogin228" name="multipleSites" time="3.556"/>
  <system-out/>
  <testcase classname="ESR.MultipleSitesLogin228" name="multipleSites" time="5.305"/>
  <system-out/>
  <testcase classname="ESR.MultipleSitesLogin228" name="multipleSites" time="3.128"/>
  <system-out/>
  <testcase classname="ESR.MultipleSitesLogin228" name="multipleSites" time="2.929"/>
  <system-out/>
  <testcase classname="ESR.MultipleSitesLogin228" name="multipleSites" time="3.025"/>
  <system-out/>
  <testcase classname="ESR.MultipleSitesLogin228" name="multipleSites" time="7.053"/>
  <system-out/>
  <testcase classname="ESR.MultipleSitesLogin228" name="multipleSites" time="4.912"/>
  <system-out/>
  <testcase classname="ESR.MultipleSitesLogin228" name="multipleSites" time="5.159"/>
  <system-out/>
  <testcase classname="ESR.MultipleSitesLogin228" name="multipleSites" time="4.349"/>
  <system-out/>
  <testcase classname="ESR.MultipleSitesLogin228" name="multipleSites" time="4.192"/>
  <system-out/>
  <testcase classname="ESR.MultipleSitesLogin228" name="multipleSites" time="2.463"/>
  <system-out/>
  <testcase classname="ESR.MultipleSitesLogin228" name="multipleSites" time="3.732"/>
  <system-out/>
  <testcase classname="ESR.MultipleSitesLogin228" name="multipleSites" time="3.758"/>
  <system-out/>
  <testcase classname="ESR.MultipleSitesLogin228" name="multipleSites" time="3.584"/>
  <system-out/>
  <testcase classname="ESR.MultipleSitesLogin228" name="multipleSites" time="3.001"/>
  <system-out/>
  <testcase classname="ESR.MultipleSitesLogin228" name="multipleSites" time="4.841"/>
  <system-out/>
  <testcase classname="ESR.MultipleSitesLogin228" name="multipleSites" time="3.675"/>
  <system-out/>
  <testcase classname="ESR.MultipleSitesLogin228" name="multipleSites" time="4.637"/>
  <system-out/>
  <testcase classname="ESR.MultipleSitesLogin228" name="multipleSites" time="2.780"/>
  <system-out/>
  <testcase classname="ESR.MultipleSitesLogin228" name="multipleSites" time="3.330"/>
  <system-out/>
  <testcase classname="ESR.MultipleSitesLogin228" name="multipleSites" time="5.337"/>
  <system-out/>
  <testcase classname="ESR.MultipleSitesLogin228" name="multipleSites" time="3.246"/>
  <system-out/>
  <testcase classname="ESR.MultipleSitesLogin228" name="multipleSites" time="3.822"/>
  <system-out/>
  <testcase classname="ESR.MultipleSitesLogin228" name="multipleSites" time="5.120"/>
  <system-out/>
  <testcase classname="ESR.MultipleSitesLogin228" name="multipleSites" time="3.506"/>
  <system-out/>
  <testcase classname="ESR.MultipleSitesLogin228" name="multipleSites" time="7.410"/>
  <system-out/>
  <testcase classname="ESR.MultipleSitesLogin228" name="multipleSites" time="4.101"/>
  <system-out/>
  <testcase classname="ESR.MultipleSitesLogin228" name="multipleSites" time="2.949"/>
  <system-out/>
  <testcase classname="ESR.MultipleSitesLogin228" name="multipleSites" time="2.909"/>
  <system-out/>
  <testcase classname="ESR.MultipleSitesLogin228" name="multipleSites" time="2.875"/>
  <system-out/>
  <testcase classname="ESR.MultipleSitesLogin228" name="multipleSites" time="5.488"/>
  <system-out/>
  <testcase classname="ESR.MultipleSitesLogin228" name="multipleSites" time="3.696"/>
  <system-out/>
  <testcase classname="ESR.MultipleSitesLogin228" name="multipleSites" time="4.238"/>
  <system-out/>
  <testcase classname="ESR.MultipleSitesLogin228" name="multipleSites" time="6.421"/>
  <system-out/>
  <testcase classname="ESR.MultipleSitesLogin228" name="multipleSites" time="3.011"/>
  <system-out/>
  <testcase classname="ESR.MultipleSitesLogin228" name="multipleSites" time="2.831"/>
  <system-out/>
  <testcase classname="ESR.MultipleSitesLogin228" name="multipleSites" time="3.023"/>
  <system-out/>
  <testcase classname="ESR.MultipleSitesLogin228" name="multipleSites" time="2.958"/>
  <system-out/>
  <testcase classname="ESR.MultipleSitesLogin228" name="multipleSites" time="3.078"/>
  <system-out/>
  <testcase classname="ESR.MultipleSitesLogin228" name="multipleSites" time="2.936"/>
  <system-out/>
  <testcase classname="ESR.MultipleSitesLogin228" name="multipleSites" time="4.413"/>
  <system-out/>
  <testcase classname="ESR.MultipleSitesLogin228" name="multipleSites" time="4.709"/>
  <system-out/>
  <testcase classname="ESR.MultipleSitesLogin228" name="multipleSites" time="4.511"/>
  <system-out/>
  <testcase classname="ESR.MultipleSitesLogin228" name="multipleSites" time="4.107"/>
  <system-out/>
  <testcase classname="ESR.MultipleSitesLogin228" name="multipleSites" time="4.133"/>
  <system-out/>
  <testcase classname="ESR.MultipleSitesLogin228" name="multipleSites" time="4.646"/>
  <system-out/>
  <testcase classname="ESR.MultipleSitesLogin228" name="multipleSites" time="3.281"/>
  <system-out/>
  <testcase classname="ESR.MultipleSitesLogin228" name="multipleSites" time="3.887"/>
  <system-out/>
  <testcase classname="ESR.MultipleSitesLogin228" name="multipleSites" time="2.934"/>
  <system-out/>
  <testcase classname="ESR.MultipleSitesLogin228" name="multipleSites" time="4.682"/>
  <system-out/>
  <testcase classname="ESR.MultipleSitesLogin228" name="multipleSites" time="3.270"/>
  <system-out/>
  <testcase classname="ESR.MultipleSitesLogin228" name="multipleSites" time="2.746"/>
  <system-out/>
  <testcase classname="ESR.MultipleSitesLogin228" name="multipleSites" time="3.791"/>
  <system-out/>
  <testcase classname="ESR.MultipleSitesLogin228" name="multipleSites" time="2.816"/>
  <system-out/>
  <testcase classname="ESR.MultipleSitesLogin228" name="multipleSites" time="4.365"/>
  <system-out/>
  <testcase classname="ESR.MultipleSitesLogin228" name="multipleSites" time="2.692"/>
  <system-out/>
  <testcase classname="ESR.MultipleSitesLogin228" name="multipleSites" time="3.996"/>
  <system-out/>
  <testcase classname="ESR.MultipleSitesLogin228" name="multipleSites" time="5.714"/>
  <system-out/>
  <testcase classname="ESR.MultipleSitesLogin228" name="multipleSites" time="6.232"/>
  <system-out/>
  <testcase classname="ESR.MultipleSitesLogin228" name="multipleSites" time="3.960"/>
  <system-out/>
  <testcase classname="ESR.MultipleSitesLogin228" name="multipleSites" time="3.261"/>
  <system-out/>
  <testcase classname="ESR.MultipleSitesLogin228" name="multipleSites" time="5.539"/>
  <system-out/>
  <testcase classname="ESR.MultipleSitesLogin228" name="multipleSites" time="6.808"/>
  <system-out/>
  <testcase classname="ESR.MultipleSitesLogin228" name="multipleSites" time="2.887"/>
  <system-out/>
  <testcase classname="ESR.MultipleSitesLogin228" name="multipleSites" time="4.324"/>
  <system-out/>
  <testcase classname="ESR.MultipleSitesLogin228" name="multipleSites" time="3.902"/>
  <system-out/>
  <testcase classname="ESR.MultipleSitesLogin228" name="multipleSites" time="3.259"/>
  <system-out/>
  <testcase classname="ESR.MultipleSitesLogin228" name="multipleSites" time="5.748"/>
  <system-out/>
  <testcase classname="ESR.MultipleSitesLogin228" name="multipleSites" time="3.666"/>
  <system-out/>
</testsuite> <!-- ESR.MultipleSitesLogin228 -->
